[  0.0000] Lnu verion .15.-2-geneic(buildd@lgw01-amd64-039) (gcc version 7.3.0 (Ubuntu 7.3.0-16ubuntu3)) #21-Ubuntu SMP Tue Apr 24 06:16:15 UTC 2018 (Ubuntu 4.15.0-20.21-generic 4.15.17)
[    0.000000] Command line: BOOT_IMAGE=/boot/vmlinuz-4.15.0-20-generic root=LABEL=cloudimg-rootfs ro console=tty1 console=ttyS0
[    0.000000] KERNEL supported cpus:
[    0.000000]   Intel GenuineIntel
[    0.000000]   AMD AuthenticAMD
   0.0000]   Centaur CentaurHauls
[    0.000000] x86/fpu: Supporting XSAVE feature 0x001: 'x87 floating point registers'
[    0.000000] x86/fpu: Supporting XSAVE feature 0x002: 'SSE registers'
[    0.000000] x86/fpu: Supporting XSAVE feature 0x004: 'AVX registers'
[    0.000000] x86/fpu: xstate_offset[2]:  576, xstate_sizes[2]:  256
[    0.000000] x86/fpu: Enabled xstate features 0x7, context size is 832 bytes, using 'standard' format.
[    0.000000] e820: BIOS-provided physical RAM map:
[    0.000000] BIOS-e820: [mem 0x0000000000000000-0x000000000009fbff] usable
   0.0000] BOSe820 [em 00000000009c00-x000000009ff] reseve
[  0.000000] BIOe820 [em 0x0000000000f000-x00000000ffff] reserd
[  0.0000] BOSe820 [em 0000000010000-x0000003fffff] uabe[   0.00000]IOS-20: me 0x000003ff0000x0000003ffffff ACP dta
   0.00000] BIOS-e80: [em0x00000000fec00000-0x00000000fec00fff] reserved
[    0.000000] BIOS-e820: [mem 0x00000000fee00000-0x00000000fee00fff] reserved
[    0.000000] BIOS-e820: [mem 0x00000000fffc0000-0x00000000ffffffff] reserved
[    0.000000] NX (Execute Disable) protection: active[   0.00000] ndom: fat nit on
[   .00000 SMBOS2.5 presnt.
   0.0000] DI:innotek GmbH VirtualBo/VrtuaBo, BIOSVitualox12/0/206
[  0.0000] yprvis detted: KV
[    .000000] e820: last_pfn = 0xfff0ma_arc_pfn =0x4000000[    00000] TRR:isabed
[  0.00000] 86/PT:MTRRs diabed,kippin PT intilizatn too
[   0000000CPU MTRR all blank  vrtualizd yste.
[  0.00000] 86/PT:Confguatio [-7]:WB WT C- U WB  W  C- U  
[  0.0000] fun SMPMPtabl at [mm x000ff0-0x00ffffmapp at [      (tral)][   0.00000Scanng 1aras fo lw mmoy corution
[   0.0000] RADIK: [me 035b100-06d85ff
[  0.0000] ACI:Ear tabe heckumveriiction disbld
[  0.0000] AC: RSP x00000000000E0000 000024 (v02 VBOX  )
[    0.000000] ACPI: XSDT 0x000000003FFF0030 00003C (v01 VBOX   VBOXXSDT 00000001 ASL  00000061)
[    0.000000] ACPI: FACP 0x000000003FFF00F0 0000F4 (v04 VBOX   VBOXFACP 00000001 ASL  00000061)
[    0.000000] ACPI: DSDT 0x000000003FFF0470 0021FF (v02 VBOX   VBOXBIOS 00000002 INTL 20100528)
[    0.000000] ACPI: FACS 0x000000003FFF0200 000040
[    0.000000] ACPI: FACS 0x000000003FFF0200 000040
[    0.000000] ACPI: APIC 0x000000003FFF0240 00005C (v02 VBOX   VBOXAPIC 00000001 ASL  00000061)
[    0.000000] ACPI: SSDT 0x000000003FFF02A0 0001CC (v01 VBOX   VBOXCPUT 00000002 INTL 20100528)
[    0.000000] No NUMA configuration found
[    0.000000] Faking a node at [mem 0x0000000000000000-0x000000003ffeffff]
[   .00000 NODE_DATA(0) allocated [mem 0x3ffc5000-0x3ffffff
    000000]kv-clock cu 0,ms 0:3ff401, prmay cp cock[    0.0000] vmclock:Usng mrs4b56d0 and 464d0
    .00000 kvmclock:using sched offset of 3741422287 cycles
[    0.000000] clocksource: kvm-clock: mask: 0xffffffffffffffff max_cycles: 0x1cd42e4dffb, max_idle_ns: 881590591483 ns
[    0.000000] Zone ranges:
[    0.000000]   DMA      [mem 0x0000000000001000-0x0000000000ffffff]
[    0.000000]   DMA32    [mem 0x0000000001000000-0x000000003ffeffff]
[    0.000000]   Normal   empty
[    0.000000]   Device   empty
[    0.00000] Mvale zone startfo ea nod
[   0.0000] Ely mmoy noe ange
    .00000  node  : [em0x000000000000-x0000000009eff
[   0.0000]  nod  0: [em0x0000000000000x000000ffeffff]
[   000000] Iitem stu nod 0[mem0x000000000100-000000003feffff]
   0.0000] RRserved but unavailable: 98 pages
[    0.000000] ACPI: PM-Timer IO Port: 0x4008
[    0.000000] IOAPIC[]:apicid2, vrson 3, ddes 0xfc0000 GI -2
[   .00000 ACPI IT_RC_OV (bus 0 bus_irq 0 global_irq 2 dfl dfl)
[    0.000000] ACPI: INT_SRC_OVR (bus 0 bus_irq  gobalir 9 low lve)
[   .00000] singACI (MAT)for MPconfuratoninfomaion[   0.000] smpbot Allwig 2 CPU,  hotlu CPU
    0.0000] M:Regiteed nosave memory: [mem 0x00000000-0x00000fff]
[    0.000000] PM: Registered nosave memory: [mem 0x0009f000-0x000ffff]
[    0.0000] PM Rgistered nosave memory: [me 0000a00-0x00efff
[    0.0000 P: egstere nsavemeory: [em0x000f000-0000fff]
[   .00000 e820:[mm 04000000-0xebffff] available for PCI devices
[    0.000000] Booting paravirtualized kernel on KVM
[   .000000] clocksource: refined-jiffies: mask: 0xffffffff max_cycles: 0xffffffff, max_idle_ns: 7645519600211568 ns
[    0.000000] sep_pepu: R_PUS:19 nr_puask_it:2 _cpuid:2 n_nde_is:
[   .0000] perpu Embeded46paescp @      (prvl) s5152 r19 d2872u10476
   0.0000] PV qsinock sh tbl entie: 25 (rder 0 409 btes)
[  0.0000] uilt 1 zoelsts,mobiliy grupng o  Totalpaes: 5713
   0.0000] olcy zne DMA2
[   000000]Keel cmmnd lne BOOIMAGE=/bo/vmlinu-415.0-20-gneic rot=ABELcludimg-rootfs ro console=tty1 console=ttyS0
[    0.000000] Memory: 98376K104820 avalale (130K kene code 270K rwat, 420Krodat 240K ni, 416Kbs, 6484 reserv, 0K cma-esered
[   .0000] SUB HWalign=64, Order=0-3 MnObjct=0, PU=2, ods=1[   0.0000 KerelUserpae tale isoaton: enabd
[  0.00000 ftrce allcaing 395 entriesin153paes
   0.0400] Herrchal RCU plemeatio.
[  0.0000] 	RCU esrictngCPUsfrm NRCPUS=8192 o r_cpu_ids=2.[    0.0000] 	Tsk RCU naled.
[   0.0400] CU Adjstng gomtry orrcu_anut_laf16, _cpuid=2
   0.0400] _IRQS: 4544 n_is: 40, realcate iqs: 6
[  0.00400]Conse: clor VG 80x5
[    00400]conso [tt1]enabed
[    .04000 cnsol [tyS0] enabled
[  0.0400] API Core visin 01701
[    0.00400] CPI:2 CPI L tale sucesfulyacqure and ladd[    0.004000] APIC: Switch to symmetric I/O mode setup
[    0.004252] x2apic enabled
[    0.008007] Switched APIC routing to physical x2apic.
[    0.012952] ..TIMER: vector=0x30 apic1=0 pin1=2 apic2=-1 pin2=-1
[    0.016005] tsc: Detected 2904.000 MHz processor
[    0.020011] Calibrating delay loop (skipped) preset value.. 5808.00 BogoMIPS (lpj=11616000)
[    0.024007] pid_max: default: 32768 minimum: 301
[    0.028039] Security Framework initialized
[    0.032007] Yama: becoming mindful.
[    0.032594] AppArmor: AppArmor initialized
[    0.035822] Dentry cache hash table entries: 131072 (order: 8, 1048576 bytes)
[    0.036064] Inode-cache hash table entries: 65536 (order: 7, 524288 bytes)
[    0.040024] Mount-cache hash table entries: 2048 (order: 2, 16384 bytes)
[    0.044008] Mountpoint-cache hash table entries: 2048 (order: 2, 16384 bytes)
[    0.048191] CPU: Physical Processor ID: 0
[    0.052002] CPU: Processor Core ID: 0
[    0.052498] mce: CPU supports 0 MCE banks
[    0.053022] Last level iTLB entries: 4KB 64, 2MB 8, 4MB 8
[    0.053680] Last level dTLB entries: 4KB 64, 2MB 0, 4MB 0, 1GB 4
[    0.054402] Spectre V2 : Mitigation: Full generic retpoline
[    0.056003] Spectre V2 : Spectre v2 mitigation: Filling RSB on context switch
[    0.056936] Freeing SMP alternatives memory: 36K
[   0.060000] smpboot: CPU0: Intel(R) Core(TM) i7-7500U CPU @ 2.70GHz (family: 0x6, model: 0x8e, stepping: 0x9)
[    0.060079] Performance Events: unsupported p6 CPU model 142 no PMU driver, software events only.
[    0.064052] Hierarchical SRCU implementation.
[    0.068533] NMI watchdog: Perf event create on CPU 0 failed with -2
[    0.072006] NMI watchdog: Perf NMI watchdog permanently disabled
[    0.076101] smp: Bringing up secondary CPUs ...
[    0.076952] x86: Booting SMP configuration:
[    0.077653] .... node  #0, CPUs:      #1
[    0.004000] kvm-clock: cpu 1, msr 0:3ff44041, secondary cpu clock
[    0.004000] mce: CPU supports 0 MCE banks
[    0.090213] smp: Brought up 1 node, 2 CPUs
[    0.092009] smpboot: Max logical packages: 1
[    0.096005] smpboot: Total of 2 processors activated (11616.00 BogoMIPS)
[    0.100128] devtmpfs: initialized
[    0.104054] x86/mm: Memory block size: 128MB
[    0.108144] evm: security.selinux
[    0.112009] evm: security.SMACK64
[    0.116004] evm: security.SMACK64EXEC
[    0.120003] evm: security.SMACK64TRANSMUTE
[    0.120541] evm: security.SMACK64MMAP
[    0.121019] evm: security.apparmor
[    0.124002] evm: security.ima
[    0.128002] evm: security.capability
[    0.128527] clocksource: jiffies: mask: 0xffffffff max_cycles: 0xffffffff, max_idle_ns: 7645041785100000 ns
[    0.132006] futex hash table entries: 512 (order: 3, 32768 bytes)
[    0.132789] pinctrl core: initialized pinctrl subsystem
[    0.135985] RTC time: 13:16:26, date: 06/15/18
[    0.136180] NET: Registered protocol family 16
[    0.140087] audit: initializing netlink subsys (disabled)
[    0.148006] audit: type=2000 audit(1529068567.573:1): state=initialized audit_enabled=0 res=1
[    0.176008] cpuidle: using governor ladder
[    0.180010] cpuidle: using governor menu
[    0.184050] ACPI: bus type PCI registered
[    0.188005] acpiphp: ACPI Hot Plug PCI Controller Driver version: 0.5
[    0.192104] PCI: Using configuration type 1 for base access
[    0.200516] HugeTLB registered 2.00 MiB page size, pre-allocated 0 pages
[    0.200851] ACPI: Added _OSI(Module Device)
[    0.200851] ACPI: Added _OSI(Processor Device)
[    0.204007] ACPI: Added _OSI(3.0 _SCP Extensions)
[    0.208006] ACPI: Added _OSI(Processor Aggregator Device)
[    0.212245] ACPI: Executed 1 blocks of module-level executable AML code
[    0.221600] ACPI: Interpreter enabled
[    0.222101] ACPI: (supports S0 S5)
[    0.224003] ACPI: Using IOAPIC for interrupt routing
[    0.228205] PCI: Using host bridge windows from ACPI; if necessary, use "pci=nocrs" and report a bug
[    0.229505] ACPI: Enabled 2 GPEs in block 00 to 07
[    0.238362] ACPI: PCI Root Bridge [PCI0] (domain 0000 [bus 00-ff])
[    0.240009] acpi PNP0A03:00: _OSC: OS supports [ASPM ClockPM Segments MSI]
[    0.240881] acpi PNP0A03:00: _OSC: not requesting OS control; OS requires [ExtendedConfig ASPM ClockPM MSI]
[    0.242062] acpi PNP0A03:00: fail to add MMCONFIG information, can't access extended PCI configuration space under this bridge.
[    0.244286] PCI host bridge to bus 0000:00
[    0.244813] pci_bus 0000:00: root bus resource [io  0x0000-0x0cf7 window]
[    0.248005] pci_bus 0000:00: root bus resource [io  0x0d00-0xffff window]
[    0.248849] pci_bus 0000:00: root bus resource [mem 0x000a0000-0x000bffff window]
[    0.252003] pci_bus 0000:00: root bus resource [mem 0x40000000-0xfdffffff window]
[    0.252928] pci_bus 0000:00: root bus resource [bus 00-ff]
[    0.255049] pci 0000:00:01.1: legacy IDE quirk: reg 0x10: [io  0x01f0-0x01f7]
[    0.255899] pci 0000:00:01.1: legacy IDE quirk: reg 0x14: [io  0x03f6]
[    0.256003] pci 0000:00:01.1: legacy IDE quirk: reg 0x18: [io  0x0170-0x0177]
[    0.256852] pci 0000:00:01.1: legacy IDE quirk: reg 0x1c: [io  0x0376]
[    0.271381] pci 0000:00:07.0: quirk: [io  0x4000-0x403f] claimed by PIIX4 ACPI
[    0.272022] pci 0000:00:07.0: quirk: [io  0x4100-0x410f] claimed by PIIX4 SMB
[    0.279367] ACPI: PCI Interrupt Link [LNKA] (IRQs 5 9 10 *11)
[    0.280320] ACPI: PCI Interrupt Link [LNKB] (IRQs 5 9 *10 11)
[    0.281123] ACPI: PCI Interrupt Link [LNKC] (IRQs 5 *9 10 11)
[    0.284063] ACPI: PCI Interrupt Link [LNKD] (IRQs 5 9 10 *11)
[    0.292341] SCSI subsystem initialized
[    0.295293] pci 0000:00:02.0: vgaarb: setting as boot VGA device
[    0.295293] pci 0000:00:02.0: vgaarb: VGA device added: decodes=io+mem,owns=io+mem,locks=none
[    0.296009] pci 0000:00:02.0: vgaarb: bridge control possible
[    0.300004] vgaarb: loaded
[    0.300408] ACPI: bus type USB registered
[    0.304052] usbcore: registered new interface driver usbfs
[    0.308026] usbcore: registered new interface driver hub
[    0.312034] usbcore: registered new device driver usb
[    0.316080] EDAC MC: Ver: 3.0.0
[    0.324032] PCI: Using ACPI for IRQ routing
[    0.328242] NetLabel: Initializing
[    0.332005] NetLabel:  domain hash size = 128
[    0.336004] NetLabel:  protocols = UNLABELED CIPSOv4 CALIPSO
[    0.340025] NetLabel:  unlabeled traffic allowed by default
[    0.344073] clocksource: Switched to clocksource kvm-clock
[   0.6481VF Dk ot duo6.0
[  .8895]FS: quotcae shab eri: 2 rd 040 bes
[    1.657551] AppArmor: AppArmor Filesystem Enabled
[    1.658190] pnp: PnP ACPI init
[    1.659407] pnp: PnP ACPI: found 3 devices

[  1682]losoceac_p: mak:0xfff x_cl: ffffmaid_n 25702 n
[  2926]NE: egted otcol fmi 2
[   3.09] P taisd shab eri: 92orr:, 53byes
[   3.8195] TCP bin hh blenie 82 rd:  107bys)[  4744]CPHa tbls onigured (established 8192 bind 8192)

[    5.051054] UDP hash table entries: 512 (order: 2, 16384 bytes)
[    5.051803] UDP-Lite hash table entries: 512 (order: 2, 16384 bytes)
[    5.052653] NET: Registered protocol family 1
[    5.053227] pci 0000:00:00.0: Limiting direct PCI/PCI transfers
[    5.053978] pci 0000:00:01.0: Activating ISA DMA hang workarounds
[    5.054769] pci 0000:00:02.0: Video device with shadowed ROM at [mem 0x000c0000-0x000dffff]
[    5.055874] npacking niam..
[  5298]rengnid mo: 85
[   5.99833]laorrtcm: egted atrmTCeve o P vi fnd
[  6736] Scanning fo low memory corruption every 60 seconds
[    7.051569] tsc: Refined TSC clocksource calibration: 2903.997 MHz
[    7.053818] clocksource: tsc: mask: 0xffffffffffffffff max_cycles: 0x29dc02e6b7f, max_idle_ns: 440795239197 ns
[    7.054433] Initialise system trusted keyrings
[    7.054443] Key type blacklist registered
[    7.054495] workingset: timestamp_bits=36 max_order=18 bucket_order=0
[    7.058914] zbud: loaded
[    7.059477] squashfs: version 4.0 (2009/01/31) Phillip Lougher
[    7.059635] fuse init (API version 7.26)
[    7.060516] Key type asymmetric registered
[    7.060517] Asymmetric key parser 'x509' registered
[    7.060559] Block layer SCSI generic (bsg) driver version 0.4 loaded (major 246)
[    7.060596] io scheduler noop registered
[    7.060596] io scheduler deadline registered
[    7.060640] io scheduler cfq registered (default)
[    7.173311] ACPI: AC Adapter [AC] (on-line)
[    7.178399] input: Power Button as /devices/LNXSYSTM:00/LNXPWRBN:00/input/input0
[    7.181614] ACPI: Power Button [PWRF]
[    7.187541] input: Sleep Button as /devices/LNXSYSTM:00/LNXSLPBN:00/input/input1
[    7.188525] ACPI: Sleep Button [SLPF]
[    7.200412] Serial: 8250/16550 driver, 32 ports, IRQ sharing enabled
[    7.201119] ACPI: Battery Slot [BAT0] (battery present)
[    7.243539] 00:02: ttyS0 at I/O 0x3f8 (irq = 4, base_baud = 115200) is a 16550A
[    7.315456] Linux agpgart interface v0.103
[    7.329755] loop: module loaded
[    7.375317] scsi host0: ata_piix
[    7.382921] scsi host1: ata_piix
[    7.383404] ata1: PATA max UDMA/33 cmd 0x1f0 ctl 0x3f6 bmdma 0xd000 irq 14
[    7.384256] ata2: PATA max UDMA/33 cmd 0x170 ctl 0x376 bmdma 0xd008 irq 15
[    7.410142] libphy: Fixed MDIO Bus: probed
[    7.431487] tun: Universal TUN/TAP device driver, 1.6
[    7.454965] PPP generic driver version 2.4.2
[    7.455571] ehci_hcd: USB 2.0 'Enhanced' Host Controller (EHCI) Driver
[    7.456380] ehci-pci: EHCI PCI platform driver
[    7.459093] ehci-platform: EHCI generic platform driver
[    7.461749] ohci_hcd: USB 1.1 'Open' Host Controller (OHCI) Driver
[    7.462511] ohci-pci: OHCI PCI platform driver
[    7.463085] ohci-platform: OHCI generic platform driver
[    7.463754] uhci_hcd: USB Universal Host Controller Interface driver
[    7.502875] i8042: PNP: PS/2 Controller [PNP0303:PS2K,PNP0f03:PS2M] at 0x60,0x64 irq 1,12
[    7.587609] serio: i8042 KBD port at 0x60,0x64 irq 1
[    7.674354] serio: i8042 AUX port at 0x60,0x64 irq 12
[    7.789679] mousedev: PS/2 mouse device common for all mice
[    7.792256] input: AT Translated Set 2 keyboard as /devices/platform/i8042/serio0/input/input2
[    7.798369] rtc_cmos rtc_cmos: rtc cooe: registered rtc_cmos as rtc0
[   7.11] tc_cmos tc_cmos arm up to one day, 114 bytes nvram
[    8.225863] i2c /dev entries driver
[    8.250732] device-mapper: uevent: version 1.0.3
[    8.264577] device-mapper: ioctl: 4.37.0-ioctl (2017-09-20) initialised: dm-devel@redhat.com
[    8.266946] ledtrig-cpu: registered to indicate activity on CPUs
[    8.288020] NET: Registered protocol family 10
[    8.306113] Segment Routing with IPv6
[    8.320363] NET: Registered protocol family 17
[    8.348039] Key type dns_resolver registered
[    8.365956] RAS: Correctable Errors collector initialized.
[    8.368620] sched_clock: Marking stable (8368573454, 0)->(34568362206, -26199788752)
[    8.386707] registered taskstats version 1
[    8.426331] Loading compiled-in X.509 certificates
[    8.469328] Loaded X.509 cert 'Build time autogenerated kernel key: f4ad6a5babf67650e4ceb385fa5dda8e4a178208'
[    8.488674] zswap: loaded using pool lzo/zbud
[    8.500052] Key type big_key registered
[    8.504013] Key type trusted registered
[    8.534234] Key type encrypted registered
[    8.541710] AppArmor: AppArmor sha1 policy hashing enabled
[    8.555742] ima: No TPM chip found, activating TPM-bypass! (rc=-19)
[    8.586322] evm: HMAC attrs: 0x1
[    8.587220]   Magic number: 6:225:281
[    8.587919] tty tty18: hash matches
[    8.590205] rtc_cmos rtc_cmos: setting system clock to 2018-06-15 13:16:36 UTC (1529068596)
[    8.591848] BIOS EDD facility v0.16 2004-Jun-25, 0 devices found
[    8.607604] EDD information not available.
[    8.624626] Freeing unused kernel memory: 2404K
[    8.641254] Write protecting the kernel read-only data: 20480k
[    8.655941] Freeing unused kernel memory: 2008K
[    8.664137] Freeing unused kernel memory: 1904K
[    8.694757] x86/mm: Checked W+X mappings: passed, no W+X pages found.
[    8.704334] x86/mm: Checking user space page tables
[    8.711022] x86/mm: Checked W+X mappings: passed, no W+X pages found.
Loading, please wait...
starting version 237
[    8.835685] Fusion MPT base driver 3.04.20
[    8.851123] Copyright (c) 1999-2008 LSI Corporation
[    8.865687] Fusion MPT SPI Host driver 3.04.20
[    8.869327] e1000: Intel(R) PRO/1000 Network Driver - version 7.3.21-k8-NAPI
[    8.871040] e1000: Copyright (c) 1999-2006 Intel Corporation.
[    8.901052] AVX2 version of gcm_enc/dec engaged.
[    8.923477] AES CTR mode by8 optimization enabled
[    9.074731] input: ImExPS/2 Generic Explorer Mouse as /devices/platform/i8042/serio1/input/input4
[    9.398862] e1000 0000:00:03.0 eth0: (PCI:33MHz:32-bit) 02:ab:18:f8:ba:2c
[    9.406782] e1000 0000:00:03.0 eth0: Intel(R) PRO/1000 Network Connection
[    9.408888] mptbase: ioc0: Initiating bringup
[    9.414857] e1000 0000:00:03.0 enp0s3: renamed from eth0
[    9.528564] ioc0: LSI53C1030 A0: Capabilities={Initiator}
[    9.779940] scsi host2: ioc0: LSI53C1030 A0, FwRev=00000000h, Ports=1, MaxQ=256, IRQ=20
[   10.101803] scsi 2:0:0:0: Direct-Access     VBOX     HARDDISK         1.0  PQ: 0 ANSI: 5
[   10.256047] scsi target2:0:0: Beginning Domain Validation
[   10.343324] scsi target2:0:0: Domain Validation skipping write tests
[   10.352657] scsi target2:0:0: Ending Domain Validation
[   10.404676] scsi target2:0:0: asynchronous
[   10.447157] scsi 2:0:1:0: Direct-Access     VBOX     HARDDISK         1.0  PQ: 0 ANSI: 5
[   10.596737] scsi target2:0:1: Beginning Domain Validation
[   10.660085] scsi target2:0:1: Domain Validation skipping write tests
[   10.690842] scsi target2:0:1: Ending Domain Validation
[   10.702171] scsi target2:0:1: asynchronous
[   10.747688] sd 2:0:0:0: Attached scsi generic sg0 type 0
[   10.747789] sd 2:0:0:0: [sda] 20971520 512-byte logical blocks: (10.7 GB/10.0 GiB)
[   10.747825] sd 2:0:0:0: [sda] Write Protect is off
[   10.747894] sd 2:0:0:0: [sda] Incomplete mode parameter data
[   10.747895] sd 2:0:0:0: [sda] Assuming drive cache: write through
[   10.749200]  sda: sda1
[   10.749604] sd 2:0:0:0: [sda] Attached SCSI disk
[   11.089006] sd 2:0:1:0: Attached scsi generic sg1 type 0
[   11.156931] sd 2:0:1:0: [sdb] 20480 512-byte logical blocks: (10.5 MB/10.0 MiB)
[   11.286804] sd 2:0:1:0: [sdb] Write Protect is off
[   11.396058] sd 2:0:1:0: [sdb] Incomplete mode parameter data
[   11.484692] sd 2:0:1:0: [sdb] Assuming drive cache: write through
[   11.646105] sd 2:0:1:0: [sdb] Attached SCSI disk
Begin: Loading essential drivers ... [   13.528021] raid6: sse2x1   gen() 10301 MB/s
[   13.596068] raid6: sse2x1   xor()  8532 MB/s
[   13.668286] raid6: sse2x2   gen() 14680 MB/s
[   13.820011] raid6: sse2x2   xor()  9952 MB/s
[   13.888149] raid6: sse2x4   gen() 10519 MB/s
[   13.952283] raid6: sse2x4   xor()  8737 MB/s
[   14.064013] raid6: avx2x1   gen() 23709 MB/s
[   14.132330] raid6: avx2x1   xor() 16664 MB/s
[   14.228473] raid6: avx2x2   gen() 28650 MB/s
[   14.372041] raid6: avx2x2   xor() 17940 MB/s
[   14.496379] raid6: avx2x4   gen() 32574 MB/s
[   14.576073] raid6: avx2x4   xor() 17083 MB/s
[   14.601323] raid6: using algorithm avx2x4 gen() 32574 MB/s
[   14.603552] raid6: .... xor() 17083 MB/s, rmw enabled
[   14.636299] raid6: using avx2x2 recovery algorithm
[   14.645175] xor: automatically using best checksumming function   avx       
[   14.654075] async_tx: api initialized (async)
done.
Begin: Running /scripts/init-premount ... done[   14.696771] Btrfs loaded, crc32c=crc32c-intel
.
Begin: Mounting root file sys[   14.770826] EXT4-fs (sda1): mounted filesystem with ordered data mode. Opts: (null)
tem ... Begin: Running /scripts/local-top ... done.
Begin: Running /scripts/local-premount ... Scanning for Btrfs filesystems
done.
Warning: fsck not present, so skipping root file system
done.
Begin: Running /scripts/local-bottom ... done.
Begin: Running /scripts/init-bottom ... done.
[   15.028077] ip_tables: (C) 2000-2006 Netfilter Core Team
[   15.046705] systemd[1]: systemd 237 running in system mode. (+PAM +AUDIT +SELINUX +IMA +APPARMOR +SMACK +SYSVINIT +UTMP +LIBCRYPTSETUP +GCRYPT +GNUTLS +ACL +XZ +LZ4 +SECCOMP +BLKID +ELFUTILS +KMOD -IDN2 +IDN -PCRE2 default-hierarchy=hybrid)
[   15.076561] systemd[1]: Detected virtualization oracle.
[   15.196472] systemd[1]: Detected architecture x86-64.

Welcome to [1mUbuntu 18.04 LTS[0m!

[   15.334286] systemd[1]: Set hostname to <ubuntu>.
[   15.434338] systemd[1]: Initializing machine ID from random generator.
[   15.512802] systemd[1]: Installed transient /etc/machine-id file.
[   15.816070] systemd[1]: Created slice System Slice.
[[0;32m  OK  [0m] Created slice System Slice.
[   15.996807] systemd[1]: Listening on udev Control Socket.
[[0;32m  OK  [0m] Listening on udev Control Socket.
[   16.031942] systemd[1]: Listening on Device-mapper event daemon FIFOs.
[[0;32m  OK  [0m] Listening on Device-mapper event daemon FIFOs.
[   16.108382] systemd[1]: Listening on udev Kernel Socket.
[[0;32m  OK  [0m] Listening on udev Kernel Socket.
[[0;32m  OK  [0m] Listening on Syslog Socket.
[[0;32m  OK  [0m] Reached target System Time Synchronized.
[[0;32m  OK  [0m] Listening on Journal Socket (/dev/log).
[[0;32m  OK  [0m] Set up automount Arbitrary Executab…rmats File System Automount Point.
[[0;32m  OK  [0m] Started Forward Password Requests to Wall Directory Watch.
[[0;32m  OK  [0m] Created slice User and Session Slice.
[[0;32m  OK  [0m] Reached target Slices.
[[0;32m  OK  [0m] Listening on Journal Socket.
         Mounting POSIX Message Queue File System...
         Mounting Kernel Debug File System...
         Mounting Huge Pages File System...
         Starting udev Coldplug all Devices...
[[0;32m  OK  [0m] Listening on /dev/initctl Compatibility Named Pipe.
[[0;32m  OK  [0m] Listening on LVM2 poll daemon socket.
[[   17.109781] random: crng init done
[0;32m  OK  [0m] Created slice system-serial\x2dgetty.slice.
         Starting Load Kernel Modules...
         [   17.333527] Loading iSCSI transport class v2.0-870.
Starting Create [   17.447695] iscsi: registered transport (tcp)
list of required st…ce nodes f[   17.511553] iscsi: registered transport (iser)
or the current kernel...
         Starting Set the console keyboard layout...
[[0;32m  OK  [0m] Listening on Network Service Netlink Socket.
         Starting Remount Root and Kernel[   17.764324] EXT4-fs (sda1): re-mounted. Opts: (null)
 File Systems...
         Starting Uncomplicated firewall...
[[0;32m  OK  [0m] Listening on LVM2 metadata daemon socket.
         Starting Monitoring of LVM2 mirrors…ng dmeventd or progress polling...
[[0;32m  OK  [0m] Reached target User and Group Name Lookups.
[[0;32m  OK  [0m] Listening on Journal Audit Socket.
         Starting Journal Service...
[[0;32m  OK  [0m] Reached target Swap.
[[0;32m  OK  [0m] Mounted POSIX Message Queue File System.
[[0;32m  OK  [0m] Started Journal Service.
[[0;32m  OK  [0m] Mounted Kernel Debug File System.
[[0;32m  OK  [0m] Mounted Huge Pages File System.
[[0;32m  OK  [0m] Started Load Kernel Modules.
[[0;32m  OK  [0m] Started Create list of required sta…vice nodes for the current kernel.
[[0;32m  OK  [0m] Started Set the console keyboard layout.
[[0;32m  OK  [0m] Started Remount Root and Kernel File Systems.
[[0;32m  OK  [0m] Started Uncomplicated firewall.
[[0;32m  OK  [0m] Started udev Coldplug all Devices.
[[0;32m  OK  [0m] Started LVM2 metadata daemon.
         Starting Initial cloud-init job (pre-networking)...
         Starting Load/Save Random Seed...
         Starting Create Static Device Nodes in /dev...
         Mounting Kernel Configuration File System...
         Starting Apply Kernel Variables...
         Mounting FUSE Control File System...
         Starting Flush Journal to Persistent Storage...
[[0;32m  OK  [0m] Started Monitoring of LVM2 mirrors,…sing dmeventd or progress polling.
[[0;32m  OK  [0m] Started Load/Save Random Seed.
[[0;32m  OK  [0m] Started Create Static Device Nodes in /dev.
[[0;32m  OK  [0m] Mounted Kernel Configuration File System.
[[0;32m  OK  [0m] Started Apply Kernel Variables.
[[0;32m  OK  [0m] Mounted FUSE Control File System.
         Starting udev Kernel Device Manager...
[[0;32m  OK  [0m] Reached target Local File Systems (Pre).
[[0;32m  OK  [0m] Reached target Local File Systems.
         Starting ebtables ruleset management...
         Starting Commit a transient machine-id on disk...
         Starting AppArmor initialization...
         Starting Tell Plymouth To Write Out Runtime Data...
         Starting Set console font and keymap...
[[0;32m  OK  [0m] Started udev Kernel Device Manager.
[[0;32m  OK  [0m] Started Tell Plymouth To Write Out Runtime Data.
[[0;32m  OK  [0m] Started Set console font and keymap.
[[0;32m  OK  [0m] Started Commit a transient machine-id on disk.
[[0;32m  OK  [0m] Found device /dev/ttyS0.
[[0;32m  OK  [0m] Started Dispatch Password Requests to Console Directory Watch.
[[0;32m  OK  [0m] Reached target Local Encrypted Volumes.
[[0;32m  OK  [0m] Started ebtables ruleset management.
[[0;32m  OK  [0m] Started Flush Journal to Persistent Storage.
         Starting Create Volatile Files and Directories...
[[0;32m  OK  [0m] Listening on Load/Save RF Kill Switch Status /dev/rfkill Watch.
[[0;32m  OK  [0m] Started Create Volatile Files and Directories.
         Starting Update UTMP about System Boot/Shutdown...
[[0;32m  OK  [0m] Started Update UTMP about System Boot/Shutdown.
[[  20.620340] cloud-init[407]: Cloud-init v. 18.2 running 'init-local' at Fri, 15 Jun 2018 13:16:47 +0000. Up 20.02 seconds.
[[0;32m  OK  [0m] Started Initial cloud-init job (pre-networking).
[[0;32m  OK  [0m] Reached target Network (Pre).
         Starting Network Service...
[[0;32m  OK  [0m] Started AppArmor initialization.
[[0;32m  OK  [0m] Started Network Service.
         Starting Network Name Resolution...
         Starting Wait for Network to be Configured...
[[0;32m  OK  [0m] Started Network Name Resolution.
[[0;32m  OK  [0m] Reached target Host and Network Name Lookups.
[[0;32m  OK  [0m] Reached target Network.
[[0;32m  OK  [0m] Started Wait for Network to be Configured.
         Starting Initial cloud-init job (metadata service crawler)...
[   24.258197] cloud-init[669]: Cloud-init v. 18.2 running 'init' at Fri, 15 Jun 2018 13:16:51 +0000. Up 23.31 seconds.
[   24.271582] cloud-init[669]: ci-info: ++++++++++++++++++++++++++++++++++++++Net device info++++++++++++++++++++++++++++++++++++++
[   24.288503] cloud-init[669]: ci-info: +--------+------+----------------------------+---------------+--------+-------------------+
[[[0;32m  OK  [0m] Started Initial cloud-init job (metadata service crawler).
[   24.321240] cloud-init[669]: ci-info: | Device |  Up  |          Address           |      Mask     | Scope  |     Hw-Address    |
[[0;32m  OK  [0m] Reached target System Initialization.
[[0;32m  OK  [0m] Started Daily Cleanup of Temporary Directories.
[   24.365757] cloud-init[669]: ci-info: +--------+------+----------------------------+---------------+--------+-------------------+
         Starting Socket activation for snappy daemon.
[   24.485223] [[0;32m  OK  [0m] Listening on D-Bus System Message Bus Socket.
cloud-init[669]: ci-info: | enp0s3 | True |         10.0.2.15          | 255.255.255.0 | global | 02:ab:18:f8:ba:2c |
[[0;32m  OK  [0m] Started Daily apt download activities.
[   24.576292] [cloud-init[0;32m  OK  [0m[669]: ] ci-info: | enp0s3 | True | fe80::ab:18ff:fef8:ba2c/64 |       .       |  link  | 02:ab:18:f8:ba:2c |Started Daily apt upgrade and clean activities.

[[0;32m  OK  [0m] Listening on UUID daemon activation socket.
[   24.689138] cloud-init[669]: ci-info: |   lo   | True |         127.0.0.1          |   255.0.0.0   |  host  |         .         |
         Starting LXD - unix socket.
[   24.728653] [cloud-init[0;32m  OK  [0m[669]: ] ci-info: |   lo   | True |          ::1/128           |       .       |  host  |         .         |Started Discard unused blocks once a week.

[[0;32m  OK  [0m] Listening on ACPID Listen Socket.
[   24.832793] cloud-init[669]: ci-info: +--------+------+----------------------------+---------------+--------+-------------------+
[[0;32m  OK  [0m] Started ACPI Events Check.
[   24.962689] [cloud-init[0;32m  OK  [0m[669]: ] ci-info: ++++++++++++++++++++++++++++Route IPv4 info+++++++++++++++++++++++++++++Reached target Paths.

[[0;32m  OK  [0m] Started Message of the Day.
[   25.060991] [cloud-init[0;32m  OK  [0m[669]: ] ci-info: +-------+-------------+----------+-----------------+-----------+-------+Reached target Timers.

[[0;32m  OK  [0m] Reached target Cloud-config availability.
[[0;32m  OK  [0m] Reached target Network is Online.
[   25.192770] cloud-init[669]: ci-info: | Route | Destination | Gateway  |     Genmask     | Interface | Flags |
         Starting iSCSI initiator daemon (iscsid)...
[   25.275483] [cloud-init[0;32m  OK  [0m[669]: ] ci-info: +-------+-------------+----------+-----------------+-----------+-------+Listening on Socket activation for snappy daemon.

[[0;32m  OK  [0m] Listening on LXD - unix socket.
[   25.385006] cloud-init[669]: ci-info: |   0   |   0.0.0.0   | 10.0.2.2 |     0.0.0.0     |   enp0s3  |   UG  |
[[0;32m  OK  [0m] Reached target Sockets.
[   25.493338] [cloud-init[0;32m  OK  [0m[669]: ] ci-info: |   1   |   10.0.2.0  | 0.0.0.0  |  255.255.255.0  |   enp0s3  |   U   |Reached target Basic System.

         Starting Virtualbox guest utils...
[   25.585325] [[0;32m  OK  [0m] Started Unattended Upgrades Shutdown.
cloud-init[669]: ci-info: |   2   |   10.0.2.2  | 0.0.0.0  | 255.255.255.255 |   enp0s3  |   UH  |
         Starting Dispatcher daemon for systemd-networkd...
[   25.656560] cloud-init[669]: ci-info: +-------+-------------+----------+-----------------+-----------+-------+
         Starting Login Service...
[   25.750956] cloud-init[669]: ci-info: +++++++++++++++++++Route IPv6 info+++++++++++++++++++
[[0;32m  OK  [0m] Started FUSE filesystem for LXC.
[   25.797996] cloud-init[669]: ci-info: +-------+-------------+---------+-----------+-------+
         Starting Apply the settings specified in cloud-config...
[   25.853776] cloud-init[669]: ci-info: | Route | Destination | Gateway | Interface | Flags |
[   25.890211] cloud-init[669]: ci-info: +-------+-------------+---------+-----------+-------+
[[0;32m  OK  [0m] Started Regular background program processing daemon.
         Starting LSB: Record successful boot for GRUB...
         Starting Accounts Service...
         Starting LXD - container startup/shutdown...
[   25.917631] cloud-init[669]: ci-info: |   1   |  fe80::/64  |    ::   |   enp0s3  |   U   |
         Starting Pollinate to seed the pseudo random number generator...
[   26.028184] cloud-init[669]: ci-info: |   3   |    local    |    ::   |   enp0s3  |   U   |
[[0;32m  OK  [0m] Started irqbalance daemon.
         Starting System Logging Service...
[[0;32m  OK  [0m] Started D-Bus System Message Bus.
[   26.106340] cloud-init[669]: ci-info: |   4   |   ff00::/8  |    ::   |   enp0s3  |   U   |
[   26.156182] cloud-init[669]: ci-info: +-------+-------------+---------+-----------+-------+
[   26.165685] cloud-init[669]: Generating public/private rsa key pair.
[   26.197877] cloud-init[669]: Your identification has been saved in /etc/ssh/ssh_host_rsa_key.
[   26.212429] cloud-init[669]: Your public key has been saved in /etc/ssh/ssh_host_rsa_key.pub.
[   26.227311] cloud-init[669]: The key fingerprint is:
[   26.264242] cloud-init[669]: SHA256:66kD3TrLUCatuUELb3nmTqqNaEmsVSL+HZnLAXA4w8Y root@ubuntu-bionic
         [   26.276673] Starting Snappy daemon...cloud-init
[669]: The key's randomart image is:
[[   26.292241] cloud-init[669]: +---[RSA 2048]----+
[   26.292421] cloud-init[669]: |o .              |
[0;32m  OK  [0m] Started Deferred execution scheduler.
[   26.292554] cloud-init[669]: | E .             |
[[   26.391623] cloud-init[669]: |. =              |
[   26.391818] cloud-init[669]: |. ....           |
[   26.392487] cloud-init[669]: |o..o+.*.S        |
[0;32m  OK  [0m] Started System Logging Service.
[   26.392968] cloud-init[669]: | +.+.&. ..       |
[[   26.455187] cloud-init[669]: |o.o %.B..        |
[   26.455355] cloud-init[669]: |.+ = #+. .       |
[   26.455855] cloud-init[669]: |o o.+.*=o        |
[   26.456555] cloud-init[669]: +----[SHA256]-----+
[   26.456926] cloud-init[669]: Generating public/private dsa key pair.
[   26.458381] cloud-init[669]: Your identification has been saved in /etc/ssh/ssh_host_dsa_key.
[   26.459861] [0;32m  OK  [0m] Started Dispatcher daemon for systemd-networkd.
[[0;32m  OK  [0m] Started iSCSI initiator daemon (iscsid).
[[0;32m  OK  [0m] Started LXD - container startup/shutdown.
cloud-init[669]: Your public key has been saved in /etc/ssh/ssh_host_dsa_key.pub.
[[   26.630368] cloud-init[669]: The key fingerprint is:
[   26.630630] cloud-init[669]: SHA256:sDb8pQokSwxnBaBKuF2NBruDb/v3ci4H6YUIUhktREY root@ubuntu-bionic
[0;32m  OK  [0m] Started Login Service.
[   26.630752] cloud-init[669]: The key's randomart image is:
[[   26.660619] cloud-init[669]: +---[DSA 1024]----+
[   26.661039] cloud-init[669]: |.=E=.            |
[0;32m  OK  [0m] Started Snappy daemon.
[[   26.662124] cloud-init[669]: |o.++.o           |
[   26.688117] cloud-init[669]: |+o+.+ o          |
[   26.688226] cloud-init[669]: |+O.+ . o         |
[   26.688397] cloud-init[669]: |+.B...=oS .      |
[   26.688498] cloud-init[669]: | o =..+o.o       |
[   26.705530] cloud-init[669]: |  + .. oo        |
[   26.705691] cloud-init[669]: | . . .=.o        |
[   26.705774] cloud-init[669]: |  .....Bo        |
[   26.705943] cloud-init[669]: +----[SHA256]-----+
[   26.706036] cloud-init[669]: Generating public/private ecdsa key pair.
[   26.706152] cloud-init[669]: Your identification has been saved in /etc/ssh/ssh_host_ecdsa_key.
[   26.706252] cloud-init[669]: Your public key has been saved in /etc/ssh/ssh_host_ecdsa_key.pub.
[   26.706333] cloud-init[669]: The key fingerprint is:
[   26.706411] cloud-init[669]: SHA256:fljlKUBY7IPspwGqEM5RxQ8KARTBpftb/ZQHTd8oC8E root@ubuntu-bionic
[   26.706497] cloud-init[669]: The key's randomart image is:
[   26.706576] cloud-init[669]: +---[ECDSA 256]---+
[   26.706705] cloud-init[669]: |===.o. +o        |
[   26.706796] cloud-init[669]: | o.. o..o        |
[   26.706879] cloud-init[669]: | .o ..oo.E ..    |
[   26.706962] cloud-init[669]: |..... o.o.+o..o  |
[   26.707041] cloud-init[669]: |oo.. o  S+oooo . |
[   26.708423] cloud-init[669]: |.oo   +..o+.o    |
[   26.708574] cloud-init[669]: |.. . . =oo.o     |
[   26.708665] cloud-init[669]: |.   o . o..      |
[   26.708744] cloud-init[669]: |   .     .       |
[   26.708879] cloud-init[669]: +----[SHA256]-----+
[   26.708958] cloud-init[669]: Generating public/private ed25519 key pair.
[   26.709065] cloud-init[669]: Your identification has been saved in /etc/ssh/ssh_host_ed25519_key.
[   26.709159] cloud-init[669]: Your public key has been saved in /etc/ssh/ssh_host_ed25519_key.pub.
[   26.709238] cloud-init[669]: The key fingerprint is:
[   26.709311] cloud-init[669]: SHA256:uTHoQDDufJS16eETzldjEFtGeGeAuvjhZjRLSC/G8xg root@ubuntu-bionic
[   26.709384] cloud-init[669]: The key's randomart image is:
[   26.709455] cloud-init[669]: +--[ED25519 256]--+
[   26.709530] cloud-init[669]: |  o   . o==.     |
[   26.709637] cloud-init[669]: | . o o oo=. o    |
[   26.710422] cloud-init[669]: |  . + =...+o     |
[   26.710507] cloud-init[669]: | o o.=.+ + .     |
[   26.710586] cloud-init[669]: |  ooo+B.S        |
[   26.710700] cloud-init[669]: |   .EoBo +       |
[   26.710774] cloud-init[669]: |   . @.+.        |
[   26.710854] cloud-init[669]: |    . B          |
[   26.710932] cloud-init[669]: |     o           |
[   26.711051] cloud-init[669]: +----[SHA256]-----+
[0;32m  OK  [0m] Started Virtualbox guest utils.
[[0;32m  OK  [0m] Started LSB: Record successful boot for GRUB.
         Starting Authorization Manager...
[[0;32m  OK  [0m] Reached target Remote File Systems (Pre).
[[0;32m  OK  [0m] Reached target Remote File Systems.
         Starting Permit User Sessions...
         Starting LSB: automatic crash report generation...
         Starting Availability of block devices...
[[0;32m  OK  [0m] Started Permit User Sessions.
[[0;32m  OK  [0m] Started Authorization Manager.
         Starting Hold until boot process finishes up...
         Starting Terminate Plymouth Boot Screen...
[[0;32m  OK  [0m] Started Hold until boot process finishes up.
         Starting Set console scheme...
[[0;32m  OK  [0m] Started Serial Getty on ttyS0.
[[0;32m  OK  [0m] Started Pollinate to seed the pseudo random number generator.
[[0;32m  OK  [0m] Started Availability of block devices.
[[0;32m  OK  [0m] Started Terminate Plymouth Boot Screen.
[[0;32m  OK  [0m] Started Set console scheme.
[[0;32m  OK  [0m] Started Accounts Service.
[[0;32m  OK  [0m] Created slice system-getty.slice.
[[0;32m  OK  [0m] Started Getty on tty1.
[[0;32m  OK  [0m] Reached target Login Prompts.
         Starting OpenBSD Secure Shell server...
[[0;32m  OK  [0m] Started LSB: automatic crash report generation.
[[0;32m  OK  [0m] Started OpenBSD Secure Shell server.
[[0;32m  OK  [0m] Reached target Multi-User System.
[[0;32m  OK  [0m] Reached target Graphical Interface.
         Starting Update UTMP about System Runlevel Changes...
[[0;32m  OK  [0m] Started Update UTMP about System Runlevel Changes.
[   28.241327] cloud-init[889]: Cloud-init v. 18.2 running 'modules:config' at Fri, 15 Jun 2018 13:16:54 +0000. Up 26.63 seconds.
[[0;32m  OK  [0m] Started Apply the settings specified in cloud-config.
         Starting Execute cloud user/final scripts...
ci-info: no authorized ssh keys fingerprints found for user ubuntu.
<14>Jun 15 13:16:56 ec2: 
<14>Jun 15 13:16:56 ec2: #############################################################
<14>Jun 15 13:16:56 ec2: -----BEGIN SSH HOST KEY FINGERPRINTS-----
<14>Jun 15 13:16:56 ec2: 1024 SHA256:sDb8pQokSwxnBaBKuF2NBruDb/v3ci4H6YUIUhktREY root@ubuntu-bionic (DSA)
<14>Jun 15 13:16:56 ec2: 256 SHA256:fljlKUBY7IPspwGqEM5RxQ8KARTBpftb/ZQHTd8oC8E root@ubuntu-bionic (ECDSA)
<14>Jun 15 13:16:56 ec2: 256 SHA256:uTHoQDDufJS16eETzldjEFtGeGeAuvjhZjRLSC/G8xg root@ubuntu-bionic (ED25519)
<14>Jun 15 13:16:56 ec2: 2048 SHA256:66kD3TrLUCatuUELb3nmTqqNaEmsVSL+HZnLAXA4w8Y root@ubuntu-bionic (RSA)
<14>Jun 15 13:16:56 ec2: -----END SSH HOST KEY FINGERPRINTS-----
<14>Jun 15 13:16:56 ec2: #############################################################
-----BEGIN SSH HOST KEY KEYS-----
ecdsa-sha2-nistp256 AAAAE2VjZHNhLXNoYTItbmlzdHAyNTYAAAAIbmlzdHAyNTYAAABBBHRHw/aO2cAptZRAc1rgUPpwNRuszP731wTcLp3O5IiHBg3D74wPPNtMuIwGfG/1oi49ld8fHecWlPj7h/c/MA4= root@ubuntu-bionic
ssh-ed25519 AAAAC3NzaC1lZDI1NTE5AAAAICYc3GUbeV77o6s5DV02SgMSZ3tlxYLbDOWF/ChBeAl0 root@ubuntu-bionic
ssh-rsa AAAAB3NzaC1yc2EAAAADAQABAAABAQCzTItOJxGLOR+7cJMMvJYLp1bd6ZSCcJNl/xG06gbFjQXBfnCRHXb+yHkOLd2dsCQs+ByT44zuDAvOXpKwT3ujHepHiGcDR6pQtlU46EYS16zX6dDW8CvGY9zWNDu+7oYyFbI9gUI5VT8kDXxoeFT1/6sYJldVYymrr1fQIbA1QSGT9T8tthiXz9Kc+JOMpiZ8kq0DblM4tw4tVuzNBoimaWCI+uVeuWgyBXZnfh7StvKNchdhlmJ1EMTAyGVQAFs9N/hFfcjl9qQL8FLCXOhyMZpwH06/f1LGj0MSW2DhcfSfIETodiXFLguH2euU08ZMCXPXzEWC2GYbfSOOLdbz root@ubuntu-bionic
-----END SSH HOST KEY KEYS-----
[   28.999354] cloud-init[1260]: Cloud-init v. 18.2 running 'modules:final' at Fri, 15 Jun 2018 13:16:56 +0000. Up 28.72 seconds.
[   29.016290] cloud-init[1260]: ci-info: no authorized ssh keys fingerprints found for user ubuntu.
[   29.022314] cloud-init[1260]: Cloud-init v. 18.2 finished at Fri, 15 Jun 2018 13:16:56 +0000. Datasource DataSourceNoCloud [seed=/dev/sdb][dsmode=net].  Up 28.98 seconds
[[0;32m  OK  [0m] Started Execute cloud user/final scripts.
[[0;32m  OK  [0m] Reached target Cloud-init target.

Ubuntu 18.04 LTS ubuntu-bionic ttyS0

ubuntu-bionic login: 